Determining if the pthread_create exist failed with the following output:
Change Dir: /home/jared/marsupial/client/build/CMakeFiles/CMakeTmp

Run Build Command:/usr/bin/make "cmTryCompileExec4272900515/fast"
/usr/bin/make -f CMakeFiles/cmTryCompileExec4272900515.dir/build.make CMakeFiles/cmTryCompileExec4272900515.dir/build
make[1]: Entering directory `/home/jared/marsupial/client/build/CMakeFiles/CMakeTmp'
/usr/bin/cmake -E cmake_progress_report /home/jared/marsupial/client/build/CMakeFiles/CMakeTmp/CMakeFiles 1
Building C object CMakeFiles/cmTryCompileExec4272900515.dir/CheckSymbolExists.c.o
/usr/bin/cc    -o CMakeFiles/cmTryCompileExec4272900515.dir/CheckSymbolExists.c.o   -c /home/jared/marsupial/client/build/CMakeFiles/CMakeTmp/CheckSymbolExists.c
Linking C executable cmTryCompileExec4272900515
/usr/bin/cmake -E cmake_link_script CMakeFiles/cmTryCompileExec4272900515.dir/link.txt --verbose=1
/usr/bin/cc       CMakeFiles/cmTryCompileExec4272900515.dir/CheckSymbolExists.c.o  -o cmTryCompileExec4272900515 -rdynamic 
CMakeFiles/cmTryCompileExec4272900515.dir/CheckSymbolExists.c.o: In function `main':
CheckSymbolExists.c:(.text+0x16): undefined reference to `pthread_create'
collect2: error: ld returned 1 exit status
make[1]: *** [cmTryCompileExec4272900515] Error 1
make[1]: Leaving directory `/home/jared/marsupial/client/build/CMakeFiles/CMakeTmp'
make: *** [cmTryCompileExec4272900515/fast] Error 2

File /home/jared/marsupial/client/build/CMakeFiles/CMakeTmp/CheckSymbolExists.c:
/* */
#include <pthread.h>

int main(int argc, char** argv)
{
  (void)argv;
#ifndef pthread_create
  return ((int*)(&pthread_create))[argc];
#else
  (void)argc;
  return 0;
#endif
}

Determining if the function pthread_create exists in the pthreads failed with the following output:
Change Dir: /home/jared/marsupial/client/build/CMakeFiles/CMakeTmp

Run Build Command:/usr/bin/make "cmTryCompileExec1694061078/fast"
/usr/bin/make -f CMakeFiles/cmTryCompileExec1694061078.dir/build.make CMakeFiles/cmTryCompileExec1694061078.dir/build
make[1]: Entering directory `/home/jared/marsupial/client/build/CMakeFiles/CMakeTmp'
/usr/bin/cmake -E cmake_progress_report /home/jared/marsupial/client/build/CMakeFiles/CMakeTmp/CMakeFiles 1
Building C object CMakeFiles/cmTryCompileExec1694061078.dir/CheckFunctionExists.c.o
/usr/bin/cc   -DCHECK_FUNCTION_EXISTS=pthread_create   -o CMakeFiles/cmTryCompileExec1694061078.dir/CheckFunctionExists.c.o   -c /usr/share/cmake-2.8/Modules/CheckFunctionExists.c
Linking C executable cmTryCompileExec1694061078
/usr/bin/cmake -E cmake_link_script CMakeFiles/cmTryCompileExec1694061078.dir/link.txt --verbose=1
/usr/bin/cc   -DCHECK_FUNCTION_EXISTS=pthread_create    CMakeFiles/cmTryCompileExec1694061078.dir/CheckFunctionExists.c.o  -o cmTryCompileExec1694061078 -rdynamic -lpthreads 
/usr/bin/ld: cannot find -lpthreads
collect2: error: ld returned 1 exit status
make[1]: *** [cmTryCompileExec1694061078] Error 1
make[1]: Leaving directory `/home/jared/marsupial/client/build/CMakeFiles/CMakeTmp'
make: *** [cmTryCompileExec1694061078/fast] Error 2


